<?xml version="1.0" encoding="UTF-8"?>
<testsuite name="EightTowerSpec" tests="1" skipped="0" failures="0" errors="0" timestamp="2014-11-26T15:08:36" hostname="MML215.local" time="0.06">
  <properties/>
  <testcase name="towerCombinations(n) returns the number of combinations possible for n towers" classname="EightTowerSpec" time="0.06"/>
  <system-out><![CDATA[]]></system-out>
  <system-err><![CDATA[]]></system-err>
</testsuite>
