<?xml version="1.0" encoding="UTF-8"?>
<testsuite name="HelloSpockSpec" tests="1" skipped="0" failures="0" errors="0" timestamp="2014-11-26T15:08:36" hostname="MML215.local" time="0.005">
  <properties/>
  <testcase name="length of Spock's and his friends' names" classname="HelloSpockSpec" time="0.005"/>
  <system-out><![CDATA[]]></system-out>
  <system-err><![CDATA[]]></system-err>
</testsuite>
