<?xml version="1.0" encoding="UTF-8"?>
<testsuite name="GreeterSpec" tests="2" skipped="0" failures="0" errors="0" timestamp="2014-11-26T15:08:36" hostname="MML215.local" time="0.08">
  <properties/>
  <testcase name="Greeter can be instantiated with a name" classname="GreeterSpec" time="0.066"/>
  <testcase name="greet() mentions greeter's and greetee's name" classname="GreeterSpec" time="0.014"/>
  <system-out><![CDATA[]]></system-out>
  <system-err><![CDATA[]]></system-err>
</testsuite>
