<?xml version="1.0" encoding="UTF-8"?>
<testsuite name="PalindromeChainLengthSpec" tests="1" skipped="0" failures="1" errors="0" timestamp="2014-12-05T15:22:36" hostname="MML215.local" time="0.024">
  <properties/>
  <testcase name="number of steps is 0 for an existing palindrome" classname="PalindromeChainLengthSpec" time="0.024">
    <failure message="groovy.lang.MissingPropertyException: No such property: PalindromeChainLength for class: PalindromeChainLengthSpec" type="groovy.lang.MissingPropertyException">groovy.lang.MissingPropertyException: No such property: PalindromeChainLength for class: PalindromeChainLengthSpec
	at PalindromeChainLengthSpec.number of steps is 0 for an existing palindrome(PalindromChainLengthSpec.groovy:7)
</failure>
  </testcase>
  <system-out><![CDATA[]]></system-out>
  <system-err><![CDATA[]]></system-err>
</testsuite>
